[s1.abyssus.games/index.html]
[backblue.gif]
[fade.gif]
[index.html]
[www.abyssus.games/facebook_partage.jpg]
[s1.abyssus.games/favicon.ico]
[s1.abyssus.games/jquery-ui.css]
[s1.abyssus.games/style-index2.css]
[s1.abyssus.games/flipclock/flipclock.css]
[s1.abyssus.games/external/jquery/jquery.js]
[s1.abyssus.games/jquery-ui.js]
[s1.abyssus.games/external/sha512.js]
[s1.abyssus.games/flipclock/flipclock.js]
[s1.abyssus.games/images/bantel.jpg]
[s1.abyssus.games/index7daf.html]
[s1.abyssus.games/indexc40c.html]
[s1.abyssus.games/index2a71.html]
[s1.abyssus.games/images/france.png]
[s1.abyssus.games/images/shark.png]
[s1.abyssus.games/indexb3ce.html]
[s1.abyssus.games/index5ed4.html]
[s1.abyssus.games/index852a.html]
[s1.abyssus.games/index90c1.html]
[s1.abyssus.games/index.html]
[s1.abyssus.games/index-2.html]
[s1.abyssus.games/images/ui-bg_highlight-hard_100_f2f5f7_1x100.png]
[s1.abyssus.games/images/ui-bg_highlight-soft_100_deedf7_1x100.png]
[s1.abyssus.games/images/ui-bg_glass_80_d7ebf9_1x400.png]
[s1.abyssus.games/images/ui-bg_glass_100_e4f1fb_1x400.png]
[s1.abyssus.games/images/ui-bg_glass_50_3baae3_1x400.png]
[s1.abyssus.games/images/ui-bg_highlight-soft_25_ffef8f_1x100.png]
[s1.abyssus.games/images/ui-icons_72a7cf_256x240.png]
[s1.abyssus.games/images/ui-icons_2694e8_256x240.png]
[s1.abyssus.games/images/ui-icons_ffffff_256x240.png]
[s1.abyssus.games/images/ui-icons_2e83ff_256x240.png]
[s1.abyssus.games/images/ui-icons_3d80b3_256x240.png]
[s1.abyssus.games/images/ui-bg_diagonals-thick_90_eeeeee_40x40.png]
[s1.abyssus.games/jquery-ui.css]
[s1.abyssus.games/images/haut.jpg]
[s1.abyssus.games/style-index2.css]
[s1.abyssus.games/images/bas.jpg]
[s1.abyssus.games/flipclock/flipclock.css]
[s1.abyssus.games/alternateURL.html]
[s1.abyssus.games/index82fb.html]
[s1.abyssus.games/index7daf.html]
[s1.abyssus.games/ajax/description_serveur.html]
[s1.abyssus.games/images/screen_construction.jpg]
[s1.abyssus.games/images/screen_labo.jpg]
[s1.abyssus.games/images/scree_unite.jpg]
[s1.abyssus.games/indexc40c.html]
[s1.abyssus.games/images/avatar_darkwave.jpg]
[s1.abyssus.games/images/avatar_kraken.jpg]
[s1.abyssus.games/index2a71.html]
[s1.abyssus.games/indexb3ce.html]
[s1.abyssus.games/index5ed4.html]
[s1.abyssus.games/index852a.html]
[s1.abyssus.games/index90c1.html]
[s1.abyssus.games/total_joueur.html]
[s1.abyssus.games/index-2.html]
[s1.abyssus.games/index82fb.html]
[s1.abyssus.games/ajax/description_serveur.html]
